
/home/runner/work/exp-inner-filter-effects-iiith/exp-inner-filter-effects-iiith/experiment/simulation/libraries/bootstrap-3.3.7-dist/js/bootstrap.js
    17:3  warning  'jQuery' is not defined                                     no-undef
    77:3  warning  'jQuery' is not defined                                     no-undef
   172:3  warning  'jQuery' is not defined                                     no-undef
   298:3  warning  'jQuery' is not defined                                     no-undef
   536:3  warning  'jQuery' is not defined                                     no-undef
   667:7  warning  Unexpected newline between object and [ of property access  no-unexpected-multiline
   749:3  warning  'jQuery' is not defined                                     no-undef
   915:3  warning  'jQuery' is not defined                                     no-undef
  1255:3  warning  'jQuery' is not defined                                     no-undef
  1776:3  warning  'jQuery' is not defined                                     no-undef
  1885:3  warning  'jQuery' is not defined                                     no-undef
  2058:3  warning  'jQuery' is not defined                                     no-undef
  2214:3  warning  'jQuery' is not defined                                     no-undef
  2377:3  warning  'jQuery' is not defined                                     no-undef

/home/runner/work/exp-inner-filter-effects-iiith/exp-inner-filter-effects-iiith/experiment/simulation/libraries/bootstrap-3.3.7-dist/js/bootstrap.min.js
  6:319    warning  'jQuery' is not defined                 no-undef
  6:1071   warning  'jQuery' is not defined                 no-undef
  6:2016   warning  'jQuery' is not defined                 no-undef
  6:3965   warning  'jQuery' is not defined                 no-undef
  6:8001   warning  'jQuery' is not defined                 no-undef
  6:11369  warning  'jQuery' is not defined                 no-undef
  6:13732  warning  'jQuery' is not defined                 no-undef
  6:19734  warning  'jQuery' is not defined                 no-undef
  6:27338  warning  'a' is assigned a value but never used  no-unused-vars
  6:28677  warning  'jQuery' is not defined                 no-undef
  6:30264  warning  'jQuery' is not defined                 no-undef
  7:648    warning  'jQuery' is not defined                 no-undef
  7:2468   warning  'jQuery' is not defined                 no-undef
  7:4879   warning  'jQuery' is not defined                 no-undef

/home/runner/work/exp-inner-filter-effects-iiith/exp-inner-filter-effects-iiith/experiment/simulation/libraries/bootstrap-3.3.7-dist/js/npm.js
   2:1  warning  'require' is not defined  no-undef
   3:1  warning  'require' is not defined  no-undef
   4:1  warning  'require' is not defined  no-undef
   5:1  warning  'require' is not defined  no-undef
   6:1  warning  'require' is not defined  no-undef
   7:1  warning  'require' is not defined  no-undef
   8:1  warning  'require' is not defined  no-undef
   9:1  warning  'require' is not defined  no-undef
  10:1  warning  'require' is not defined  no-undef
  11:1  warning  'require' is not defined  no-undef
  12:1  warning  'require' is not defined  no-undef
  13:1  warning  'require' is not defined  no-undef

/home/runner/work/exp-inner-filter-effects-iiith/exp-inner-filter-effects-iiith/experiment/simulation/libraries/jQueryRotate.js
   20:5   warning  'jQuery' is not defined                                                    no-undef
   32:38  warning  'Wilq32' is not defined                                                    no-undef
   66:5   warning  'Wilq32' is not defined                                                    no-undef
   67:5   warning  'Wilq32' is not defined                                                    no-undef
   96:13  warning  'jQuery' is not defined                                                    no-undef
  102:5   warning  'Wilq32' is not defined                                                    no-undef
  149:52  warning  Do not access Object.prototype method 'hasOwnProperty' from target object  no-prototype-builtins
  151:15  warning  'jQuery' is not defined                                                    no-undef
  155:18  warning  'a' is already defined                                                     no-redeclare
  155:42  warning  Do not access Object.prototype method 'hasOwnProperty' from target object  no-prototype-builtins
  157:11  warning  'jQuery' is not defined                                                    no-undef
  163:13  warning  'IE' is not defined                                                        no-undef
  198:20  warning  Expected a conditional expression and instead saw an assignment            no-cond-assign
  232:20  warning  Expected a conditional expression and instead saw an assignment            no-cond-assign
  284:13  warning  'IE' is not defined                                                        no-undef
  322:11  warning  'IE' is not defined                                                        no-undef
  324:9   warning  'Wilq32' is not defined                                                    no-undef
  339:4   warning  'jQuery' is not defined                                                    no-undef

/home/runner/work/exp-inner-filter-effects-iiith/exp-inner-filter-effects-iiith/experiment/simulation/mfs6_animations.js
    4:9   warning  'id' is not defined                          no-undef
    6:16  warning  'type_of_movement' is not defined            no-undef
    7:21  warning  'initial_top' is not defined                 no-undef
    7:35  warning  'final_top' is not defined                   no-undef
    8:35  warning  'id' is not defined                          no-undef
    9:21  warning  'count' is not defined                       no-undef
   11:21  warning  'initial_top' is not defined                 no-undef
   11:34  warning  'step_top' is not defined                    no-undef
   12:21  warning  'initial_left' is not defined                no-undef
   12:35  warning  'step_left' is not defined                   no-undef
   13:21  warning  'elem' is not defined                        no-undef
   13:38  warning  'initial_top' is not defined                 no-undef
   14:21  warning  'elem' is not defined                        no-undef
   14:39  warning  'initial_left' is not defined                no-undef
   17:21  warning  'type_of_movement' is not defined            no-undef
   18:21  warning  'initial_top' is not defined                 no-undef
   18:35  warning  'final_top' is not defined                   no-undef
   19:35  warning  'id' is not defined                          no-undef
   20:21  warning  'count' is not defined                       no-undef
   22:21  warning  'initial_top' is not defined                 no-undef
   22:34  warning  'step_top' is not defined                    no-undef
   23:21  warning  'initial_left' is not defined                no-undef
   23:35  warning  'step_left' is not defined                   no-undef
   24:21  warning  'elem' is not defined                        no-undef
   24:38  warning  'initial_top' is not defined                 no-undef
   25:21  warning  'elem' is not defined                        no-undef
   25:39  warning  'initial_left' is not defined                no-undef
   38:10  warning  'moveFlask' is defined but never used        no-unused-vars
   39:12  warning  'step_no' is not defined                     no-undef
   40:13  warning  'sol_name' is not defined                    no-undef
   41:16  warning  'sol_name' is not defined                    no-undef
   47:13  warning  'elem' is not defined                        no-undef
   49:13  warning  'initial_top' is not defined                 no-undef
   49:38  warning  '$' is not defined                           no-undef
   50:13  warning  'initial_left' is not defined                no-undef
   50:39  warning  '$' is not defined                           no-undef
   52:13  warning  'final_top' is not defined                   no-undef
   53:13  warning  'step_top' is not defined                    no-undef
   54:13  warning  'step_left' is not defined                   no-undef
   55:13  warning  'type_of_movement' is not defined            no-undef
   62:13  warning  'step_no' is not defined                     no-undef
   72:10  warning  'moveCuvette' is defined but never used      no-unused-vars
   73:14  warning  'step_no' is not defined                     no-undef
   73:30  warning  'count' is not defined                       no-undef
   75:13  warning  'elem' is not defined                        no-undef
   78:13  warning  'initial_top' is not defined                 no-undef
   78:38  warning  '$' is not defined                           no-undef
   79:13  warning  'initial_left' is not defined                no-undef
   79:39  warning  '$' is not defined                           no-undef
   81:13  warning  'final_top' is not defined                   no-undef
   82:13  warning  'step_top' is not defined                    no-undef
   83:13  warning  'step_left' is not defined                   no-undef
   84:13  warning  'type_of_movement' is not defined            no-undef
   89:13  warning  'step_no' is not defined                     no-undef
   92:17  warning  'sol_name' is not defined                    no-undef
   92:34  warning  'step_no' is not defined                     no-undef
   94:13  warning  'elem' is not defined                        no-undef
   97:13  warning  'initial_top' is not defined                 no-undef
   97:38  warning  '$' is not defined                           no-undef
   98:13  warning  'initial_left' is not defined                no-undef
   98:39  warning  '$' is not defined                           no-undef
  100:13  warning  'final_top' is not defined                   no-undef
  101:13  warning  'step_top' is not defined                    no-undef
  102:13  warning  'step_left' is not defined                   no-undef
  103:13  warning  'type_of_movement' is not defined            no-undef
  108:13  warning  'step_no' is not defined                     no-undef
  111:17  warning  'step_no' is not defined                     no-undef
  111:32  warning  'step_no' is not defined                     no-undef
  113:13  warning  'elem' is not defined                        no-undef
  116:13  warning  'initial_top' is not defined                 no-undef
  116:38  warning  '$' is not defined                           no-undef
  117:13  warning  'initial_left' is not defined                no-undef
  117:39  warning  '$' is not defined                           no-undef
  119:13  warning  'final_top' is not defined                   no-undef
  120:13  warning  'step_top' is not defined                    no-undef
  121:13  warning  'step_left' is not defined                   no-undef
  122:13  warning  'type_of_movement' is not defined            no-undef
  127:17  warning  'quartz' is not defined                      no-undef
  127:26  warning  '$' is not defined                           no-undef
  128:17  warning  'quartz' is not defined                      no-undef
  135:29  warning  'elem' is not defined                        no-undef
  136:29  warning  'quartz' is not defined                      no-undef
  138:25  warning  '$' is not defined                           no-undef
  144:17  warning  'quartz' is not defined                      no-undef
  145:17  warning  'quartz' is not defined                      no-undef
  149:17  warning  '$' is not defined                           no-undef
  151:21  warning  'count' is not defined                       no-undef
  157:13  warning  'step_no' is not defined                     no-undef
  163:10  warning  'moveDown' is defined but never used         no-unused-vars
  165:9   warning  'initial_top' is not defined                 no-undef
  165:34  warning  '$' is not defined                           no-undef
  166:9   warning  'initial_left' is not defined                no-undef
  166:35  warning  '$' is not defined                           no-undef
  168:9   warning  'final_top' is not defined                   no-undef
  169:9   warning  'step_top' is not defined                    no-undef
  170:9   warning  'step_left' is not defined                   no-undef
  171:9   warning  'type_of_movement' is not defined            no-undef
  180:10  warning  'extraCuvette' is defined but never used     no-unused-vars
  185:9   warning  'elem' is not defined                        no-undef
  187:9   warning  'initial_top' is not defined                 no-undef
  187:34  warning  '$' is not defined                           no-undef
  188:9   warning  'initial_left' is not defined                no-undef
  188:35  warning  '$' is not defined                           no-undef
  190:9   warning  'final_top' is not defined                   no-undef
  191:9   warning  'step_top' is not defined                    no-undef
  192:9   warning  'step_left' is not defined                   no-undef
  193:9   warning  'type_of_movement' is not defined            no-undef
  199:13  warning  '$' is not defined                           no-undef
  200:13  warning  '$' is not defined                           no-undef
  201:13  warning  'count' is not defined                       no-undef
  210:10  warning  'movePipette' is defined but never used      no-unused-vars
  211:12  warning  'step_no' is not defined                     no-undef
  211:28  warning  'count' is not defined                       no-undef
  213:13  warning  'elem' is not defined                        no-undef
  221:13  warning  '$' is not defined                           no-undef
  224:13  warning  'initial_top' is not defined                 no-undef
  224:38  warning  '$' is not defined                           no-undef
  225:13  warning  'initial_left' is not defined                no-undef
  225:39  warning  '$' is not defined                           no-undef
  227:13  warning  'final_top' is not defined                   no-undef
  228:13  warning  'step_top' is not defined                    no-undef
  229:13  warning  'step_left' is not defined                   no-undef
  230:13  warning  'type_of_movement' is not defined            no-undef
  235:13  warning  'step_no' is not defined                     no-undef
  237:17  warning  'step_no' is not defined                     no-undef
  237:31  warning  'count' is not defined                       no-undef
  238:13  warning  'elem' is not defined                        no-undef
  239:13  warning  '$' is not defined                           no-undef
  242:13  warning  'step_no' is not defined                     no-undef
  244:17  warning  'count' is not defined                       no-undef
  246:17  warning  'step_no' is not defined                     no-undef
  246:33  warning  'count' is not defined                       no-undef
  247:14  warning  '$' is not defined                           no-undef
  252:13  warning  'step_no' is not defined                     no-undef
  254:17  warning  'count' is not defined                       no-undef
  256:17  warning  'step_no' is not defined                     no-undef
  256:33  warning  'count' is not defined                       no-undef
  257:13  warning  'elem' is not defined                        no-undef
  258:13  warning  '$' is not defined                           no-undef
  259:13  warning  'step_no' is not defined                     no-undef
  268:11  warning  'elem' is not defined                        no-undef
  270:11  warning  'initial_top' is not defined                 no-undef
  270:36  warning  '$' is not defined                           no-undef
  271:11  warning  'initial_left' is not defined                no-undef
  271:37  warning  '$' is not defined                           no-undef
  273:11  warning  'final_top' is not defined                   no-undef
  274:11  warning  'step_top' is not defined                    no-undef
  275:11  warning  'step_left' is not defined                   no-undef
  276:11  warning  'type_of_movement' is not defined            no-undef
  279:14  warning  'sol_name' is not defined                    no-undef
  282:21  warning  '$' is not defined                           no-undef
  289:21  warning  '$' is not defined                           no-undef
  296:5   warning  '$' is not defined                           no-undef
  297:5   warning  '$' is not defined                           no-undef
  298:5   warning  '$' is not defined                           no-undef
  299:5   warning  '$' is not defined                           no-undef
  300:5   warning  '$' is not defined                           no-undef
  301:5   warning  '$' is not defined                           no-undef
  305:10  warning  'hideInstruction' is defined but never used  no-unused-vars
  306:7   warning  '$' is not defined                           no-undef
  309:10  warning  'sol_name' is not defined                    no-undef
  309:25  warning  'step_no' is not defined                     no-undef
  311:13  warning  'step_no' is not defined                     no-undef
  314:15  warning  'step_no' is not defined                     no-undef
  314:29  warning  'step_no' is not defined                     no-undef
  315:13  warning  '$' is not defined                           no-undef
  317:13  warning  'images' is not defined                      no-undef
  318:13  warning  'images' is not defined                      no-undef
  323:17  warning  'step_no' is not defined                     no-undef

/home/runner/work/exp-inner-filter-effects-iiith/exp-inner-filter-effects-iiith/experiment/simulation/mfs_expt6.js
    7:9   warning  'y' is assigned a value but never used                                                                                 no-unused-vars
    9:9   warning  'initial_top' is defined but never used                                                                                no-unused-vars
   10:9   warning  'initial_left' is defined but never used                                                                               no-unused-vars
   11:9   warning  'final_top' is defined but never used                                                                                  no-unused-vars
   12:9   warning  'final_left' is defined but never used                                                                                 no-unused-vars
   13:9   warning  'step' is defined but never used                                                                                       no-unused-vars
   14:9   warning  'elem' is defined but never used                                                                                       no-unused-vars
   15:13  warning  'img1' is defined but never used                                                                                       no-unused-vars
   16:9   warning  'id' is defined but never used                                                                                         no-unused-vars
   16:12  warning  'id1' is defined but never used                                                                                        no-unused-vars
   17:9   warning  'type_of_movement' is defined but never used                                                                           no-unused-vars
   21:9   warning  'input1' is defined but never used                                                                                     no-unused-vars
   21:17  warning  'input2' is defined but never used                                                                                     no-unused-vars
   21:25  warning  'input3' is defined but never used                                                                                     no-unused-vars
   22:9   warning  'video1' is defined but never used                                                                                     no-unused-vars
   22:17  warning  'video2' is defined but never used                                                                                     no-unused-vars
   22:25  warning  'video3' is defined but never used                                                                                     no-unused-vars
   23:5   warning  'video4' is defined but never used                                                                                     no-unused-vars
   23:13  warning  'video5' is defined but never used                                                                                     no-unused-vars
   67:9   warning  'newwindow' is not defined                                                                                             no-undef
   70:13  warning  'newwindow' is not defined                                                                                             no-undef
   87:13  warning  'moveFlask' is not defined                                                                                             no-undef
   90:13  warning  'movePipette' is not defined                                                                                           no-undef
   93:13  warning  'moveCuvette' is not defined                                                                                           no-undef
  108:13  warning  'hideInstruction' is not defined                                                                                       no-undef
  153:10  warning  'turnOn' is defined but never used                                                                                     no-unused-vars
  168:9   warning  'context' is not defined                                                                                               no-undef
  169:9   warning  'hand' is not defined                                                                                                  no-undef
  171:9   warning  'context' is not defined                                                                                               no-undef
  172:9   warning  'hand' is not defined                                                                                                  no-undef
  180:9   warning  '$' is not defined                                                                                                     no-undef
  206:10  warning  'removeClock' is defined but never used                                                                                no-unused-vars
  208:13  warning  'context' is not defined                                                                                               no-undef
  209:13  warning  'hand' is not defined                                                                                                  no-undef
  211:13  warning  'cursorPointers' is not defined                                                                                        no-undef
  224:13  warning  'cursorPointers' is not defined                                                                                        no-undef
  232:13  warning  'cursorPointers' is not defined                                                                                        no-undef
  244:13  warning  '$' is not defined                                                                                                     no-undef
  245:13  warning  '$' is not defined                                                                                                     no-undef
  248:13  warning  '$' is not defined                                                                                                     no-undef
  253:13  warning  'cursorPointers' is not defined                                                                                        no-undef
  263:13  warning  '$' is not defined                                                                                                     no-undef
  266:13  warning  'cursorPointers' is not defined                                                                                        no-undef
  275:13  warning  'cursorPointers' is not defined                                                                                        no-undef
  283:13  warning  'cursorPointers' is not defined                                                                                        no-undef
  294:13  warning  '$' is not defined                                                                                                     no-undef
  295:13  warning  'cursorPointers' is not defined                                                                                        no-undef
  300:13  warning  '$' is not defined                                                                                                     no-undef
  301:13  warning  'cursorPointers' is not defined                                                                                        no-undef
  312:13  warning  '$' is not defined                                                                                                     no-undef
  314:13  warning  '$' is not defined                                                                                                     no-undef
  316:13  warning  'cursorPointers' is not defined                                                                                        no-undef
  327:34  warning  'event' is defined but never used                                                                                      no-unused-vars
  329:10  warning  '$' is not defined                                                                                                     no-undef
  337:9   warning  '$' is not defined                                                                                                     no-undef
  339:9   warning  'cursorPointers' is not defined                                                                                        no-undef
  383:13  warning  '$' is not defined                                                                                                     no-undef
  386:13  warning  'cursorPointers' is not defined                                                                                        no-undef
  389:13  warning  '$' is not defined                                                                                                     no-undef
  393:17  warning  This branch can never execute. Its condition is a duplicate or covered by previous conditions in the if-else-if chain  no-dupe-else-if
  394:13  warning  '$' is not defined                                                                                                     no-undef

✖ 288 problems (0 errors, 288 warnings)

